
=== 2026-02-23 00:01:51 === brew bundle dump --global --force
=== 2026-02-23 00:01:54 === /usr/bin/distrobox upgrade -a
[1;31m Upgrading arch...
[0mStarting container...                   	[32m [ OK ]
[0mInstalling basic packages...            	[32m [ OK ]
[0mSetting up devpts mounts...             	[32m [ OK ]
[0mSetting up read-only mounts...          	[32m [ OK ]
[0mSetting up read-write mounts...         	[32m [ OK ]
[0mSetting up host's sockets integration...	[32m [ OK ]
[0mIntegrating host's themes, icons, fonts...	[32m [ OK ]
[0mSetting up distrobox profile...         	[32m [ OK ]
[0mSetting up sudo...                      	[32m [ OK ]
[0mSetting up user's group list...         	[32m [ OK ]
[0m
Container Setup Complete!
distrobox: Installing basic packages...
/usr/bin/pacman
/usr/bin/pacman
:: Synchronizing package databases...
 core downloading...
 extra downloading...
:: Starting full system upgrade...
resolving dependencies...
looking for conflicting packages...

Package (3)              Old Version   New Version   Net Change  Download Size

extra/libmupdf           1.27.1-1      1.27.2-1        0.00 MiB      28.47 MiB
extra/sdl3               3.4.0-4       3.4.2-1         0.02 MiB       1.61 MiB
extra/zathura-pdf-mupdf  2026.02.03-3  2026.02.03-4    0.00 MiB       0.01 MiB

Total Download Size:   30.09 MiB
Total Installed Size:  62.21 MiB
Net Upgrade Size:       0.02 MiB

:: Proceed with installation? [Y/n] 
:: Retrieving packages...
 libmupdf-1.27.2-1-x86_64 downloading...
 sdl3-3.4.2-1-x86_64 downloading...
 zathura-pdf-mupdf-2026.02.03-4-x86_64 downloading...
checking keyring...
checking package integrity...
loading package files...
checking for file conflicts...
:: Running pre-transaction hooks...
(1/1) Distrobox hook /etc/distrobox-pre-hook.sh...
:: Processing package changes...
upgrading libmupdf...
upgrading sdl3...
upgrading zathura-pdf-mupdf...
:: Running post-transaction hooks...
(1/4) Arming ConditionNeedsUpdate...
(2/4) Distrobox hook /etc/distrobox-post-hook.sh...
(3/4) Distrobox hook /usr/share/libalpm/scripts/distrobox_post_hook.sh...
(4/4) Updating the desktop file MIME type cache...
[1;31m Upgrading fedora...
[0mStarting container...                   	[32m [ OK ]
[0mInstalling basic packages...            	[32m [ OK ]
[0mSetting up devpts mounts...             	[32m [ OK ]
[0mSetting up read-only mounts...          	[32m [ OK ]
[0mSetting up read-write mounts...         	[32m [ OK ]
[0mSetting up host's sockets integration...	[32m [ OK ]
[0mIntegrating host's themes, icons, fonts...	[32m [ OK ]
[0mSetting up distrobox profile...         	[32m [ OK ]
[0mSetting up sudo...                      	[32m [ OK ]
[0mSetting up user's group list...         	[32m [ OK ]
[0m
Container Setup Complete!
distrobox: Installing basic packages...
/usr/sbin/dnf
/usr/sbin/dnf
Updating and loading repositories:
 Antigravity RPM Repository             100% |   6.0 KiB/s |   1.4 KiB |  00m00s
 google-chrome                          100% |   5.8 KiB/s |   1.3 KiB |  00m00s
 Fedora 42 - x86_64 - Updates           100% |  28.1 KiB/s |  25.8 KiB |  00m01s
Repositories loaded.
Nothing to do.
[1;31m Upgrading debian...
[0mStarting container...                   	[32m [ OK ]
[0mInstalling basic packages...            	[32m [ OK ]
[0mSetting up devpts mounts...             	[32m [ OK ]
[0mSetting up read-only mounts...          	[32m [ OK ]
[0mSetting up read-write mounts...         	[32m [ OK ]
[0mSetting up host's sockets integration...	[32m [ OK ]
[0mIntegrating host's themes, icons, fonts...	[32m [ OK ]
[0mSetting up distrobox profile...         	[32m [ OK ]
[0mSetting up sudo...                      	[32m [ OK ]
[0mSetting up user's group list...         	[32m [ OK ]
[0m
Container Setup Complete!
distrobox: Installing basic packages...
/usr/bin/apt-get
/usr/bin/apt-get
Get:1 http://deb.debian.org/debian stable-backports InRelease [54.0 kB]
Hit:2 https://us-central1-apt.pkg.dev/projects/antigravity-auto-updater-dev antigravity-debian InRelease
Hit:3 https://packages.element.io/debian default InRelease
Hit:4 http://deb.debian.org/debian stable InRelease
Get:5 http://deb.debian.org/debian stable-updates InRelease [47.3 kB]
Hit:6 http://deb.debian.org/debian-security stable-security InRelease
Fetched 101 kB in 1s (144 kB/s)
Reading package lists...
Reading package lists...
Building dependency tree...
Reading state information...
Calculating upgrade...
0 upgraded, 0 newly installed, 0 to remove and 0 not upgraded.
=== 2026-02-23 00:02:30 === /usr/bin/distrobox enter arch --no-tty -- yay -Syu --noconfirm
:: Synchronizing package databases...
 core downloading...
 extra downloading...
:: [1mSearching AUR for updates...[0m
:: [1mChecking development packages...[0m
:: [1mSearching databases for updates...[0m
 there is nothing to do
=== 2026-02-23 00:02:31 === /usr/bin/distrobox enter fedora -- sudo dnf update -y
Updating and loading repositories:
Repositories loaded.
Nothing to do.
=== 2026-02-23 00:02:32 === /usr/bin/flatpak update -y
Looking for updates…

Nothing to do.
=== 2026-02-23 00:02:32 === chezmoi status
MM .bashrc
MM .zshrc
 A README.md
 A logs
 A logs/auto-update.log
 R install-packages.sh
